[kbplacer_plugin_action.py:65]: Plugin version: 0.13
[kbplacer_plugin_action.py:66]: Python version: '3.11.5 (main, Jan 27 2025, 07:08:36) [MSC v.1942 64 bit (AMD64)]'
[kbplacer_plugin_action.py:67]: KiCad version: 9.0.2 with 4.2.2 msw (phoenix) wxWidgets 3.2.6
[kbplacer_dialog.py:586]: Language: en
[kbplacer_plugin_action.py:75]: GUI state: {"layout_path": "C:\\Users\\wk415\\Downloads\\ergosnm-rev3(4).json", "key_distance": [19.05, 19.05], "key_info": {"annotation_format": "KEY{}", "position_option": "Default", "position": {"x": 0.0, "y": 0.0, "orientation": 0.0, "side": "Front"}, "template_path": ""}, "enable_diode_placement": true, "route_switches_with_diodes": false, "optimize_diodes_orientation": false, "diode_info": {"annotation_format": "D{}", "position_option": "Relative", "position": null, "template_path": ""}, "additional_elements": [], "route_rows_and_columns": false, "template_path": "", "generate_outline": false, "outline_delta": 0.0}
[key_placer.py:362]: Set key 1U distance: 19050000/19050000
[key_placer.py:124]: Switches by nets: defaultdict(<class 'list'>, {frozenset({'COL_4', 'ROW_4'}): ['KEY29'], frozenset({'COL_3', 'ROW_4'}): ['KEY28'], frozenset({'COL_2', 'ROW_4'}): ['KEY27'], frozenset({'COL_1', 'ROW_4'}): ['KEY26'], frozenset({'COL_0', 'ROW_4'}): ['KEY25'], frozenset({'ROW_3', 'COL_5'}): ['KEY24'], frozenset({'ROW_3', 'COL_4'}): ['KEY23'], frozenset({'ROW_3', 'COL_3'}): ['KEY22'], frozenset({'ROW_3', 'COL_2'}): ['KEY21'], frozenset({'COL_1', 'ROW_3'}): ['KEY20'], frozenset({'ROW_3', 'COL_0'}): ['KEY19'], frozenset({'ROW_2', 'COL_5'}): ['KEY18'], frozenset({'COL_4', 'ROW_2'}): ['KEY17'], frozenset({'COL_3', 'ROW_2'}): ['KEY16'], frozenset({'COL_2', 'ROW_2'}): ['KEY15'], frozenset({'COL_1', 'ROW_2'}): ['KEY14'], frozenset({'COL_0', 'ROW_2'}): ['KEY13'], frozenset({'ROW_1', 'COL_5'}): ['KEY12'], frozenset({'COL_4', 'ROW_1'}): ['KEY11'], frozenset({'COL_3', 'ROW_1'}): ['KEY10'], frozenset({'COL_2', 'ROW_1'}): ['KEY9'], frozenset({'COL_1', 'ROW_1'}): ['KEY8'], frozenset({'ROW_1', 'COL_0'}): ['KEY7'], frozenset({'ROW_0', 'COL_5'}): ['KEY6'], frozenset({'COL_4', 'ROW_0'}): ['KEY5'], frozenset({'COL_3', 'ROW_0'}): ['KEY4'], frozenset({'COL_2', 'ROW_0'}): ['KEY3'], frozenset({'COL_1', 'ROW_0'}): ['KEY2'], frozenset({'ROW_0', 'COL_0'}): ['KEY1']})
[key_placer.py:128]: Diodes by switch: {'KEY29': ['D29'], 'KEY28': ['D28'], 'KEY27': ['D27'], 'KEY26': ['D26'], 'KEY25': ['D25'], 'KEY24': ['D24'], 'KEY23': ['D23'], 'KEY22': ['D22'], 'KEY21': ['D21'], 'KEY20': ['D20'], 'KEY19': ['D19'], 'KEY18': ['D18'], 'KEY17': ['D17'], 'KEY16': ['D16'], 'KEY15': ['D15'], 'KEY14': ['D14'], 'KEY13': ['D13'], 'KEY12': ['D12'], 'KEY11': ['D11'], 'KEY10': ['D10'], 'KEY9': ['D9'], 'KEY8': ['D8'], 'KEY7': ['D7'], 'KEY6': ['D6'], 'KEY5': ['D5'], 'KEY4': ['D4'], 'KEY3': ['D3'], 'KEY2': ['D2'], 'KEY1': ['D1']}
[board_modifier.py:64]: Searching for KEY1 footprint in C:\Users\wk415\gdrive\Projects\SideraKB\ergo-snm-keyboard\ErgoSNM_Keyboard\rev4\main_board\main_board.kicad_pcb
[key_placer.py:558]: Looking for connection template between KEY1 and other elements
[board_modifier.py:98]: Getting KEY1 footprint position: (416243000, 53159500)
[key_placer.py:602]: Got connection template: 
[key_placer.py:124]: Switches by nets: defaultdict(<class 'list'>, {frozenset({'COL_4', 'ROW_4'}): ['KEY29'], frozenset({'COL_3', 'ROW_4'}): ['KEY28'], frozenset({'COL_2', 'ROW_4'}): ['KEY27'], frozenset({'COL_1', 'ROW_4'}): ['KEY26'], frozenset({'COL_0', 'ROW_4'}): ['KEY25'], frozenset({'ROW_3', 'COL_5'}): ['KEY24'], frozenset({'ROW_3', 'COL_4'}): ['KEY23'], frozenset({'ROW_3', 'COL_3'}): ['KEY22'], frozenset({'ROW_3', 'COL_2'}): ['KEY21'], frozenset({'COL_1', 'ROW_3'}): ['KEY20'], frozenset({'ROW_3', 'COL_0'}): ['KEY19'], frozenset({'ROW_2', 'COL_5'}): ['KEY18'], frozenset({'COL_4', 'ROW_2'}): ['KEY17'], frozenset({'COL_3', 'ROW_2'}): ['KEY16'], frozenset({'COL_2', 'ROW_2'}): ['KEY15'], frozenset({'COL_1', 'ROW_2'}): ['KEY14'], frozenset({'COL_0', 'ROW_2'}): ['KEY13'], frozenset({'ROW_1', 'COL_5'}): ['KEY12'], frozenset({'COL_4', 'ROW_1'}): ['KEY11'], frozenset({'COL_3', 'ROW_1'}): ['KEY10'], frozenset({'COL_2', 'ROW_1'}): ['KEY9'], frozenset({'COL_1', 'ROW_1'}): ['KEY8'], frozenset({'ROW_1', 'COL_0'}): ['KEY7'], frozenset({'ROW_0', 'COL_5'}): ['KEY6'], frozenset({'COL_4', 'ROW_0'}): ['KEY5'], frozenset({'COL_3', 'ROW_0'}): ['KEY4'], frozenset({'COL_2', 'ROW_0'}): ['KEY3'], frozenset({'COL_1', 'ROW_0'}): ['KEY2'], frozenset({'ROW_0', 'COL_0'}): ['KEY1']})
[key_placer.py:128]: Diodes by switch: {'KEY29': ['D29'], 'KEY28': ['D28'], 'KEY27': ['D27'], 'KEY26': ['D26'], 'KEY25': ['D25'], 'KEY24': ['D24'], 'KEY23': ['D23'], 'KEY22': ['D22'], 'KEY21': ['D21'], 'KEY20': ['D20'], 'KEY19': ['D19'], 'KEY18': ['D18'], 'KEY17': ['D17'], 'KEY16': ['D16'], 'KEY15': ['D15'], 'KEY14': ['D14'], 'KEY13': ['D13'], 'KEY12': ['D12'], 'KEY11': ['D11'], 'KEY10': ['D10'], 'KEY9': ['D9'], 'KEY8': ['D8'], 'KEY7': ['D7'], 'KEY6': ['D6'], 'KEY5': ['D5'], 'KEY4': ['D4'], 'KEY3': ['D3'], 'KEY2': ['D2'], 'KEY1': ['D1']}
[board_modifier.py:98]: Getting KEY1 footprint position: (416243000, 53159500)
[board_modifier.py:98]: Getting D1 footprint position: (406845000, 46555500)
[key_placer.py:900]: Element info updated: ElementInfo(annotation_format='D{}', position_option=<PositionOption.RELATIVE: 'Relative'>, position=ElementPosition(x=-9.398, y=-6.604, orientation=-90.0, side=<Side.BACK: 'Back'>), template_path='')
[kle_serial.py:897]: User layout: [{'name': 'ErgoSNM Rev3', 'author': 'ZiTe'}, [{'y': 0.38, 'a': 7}, '1', '2', '3', '4', '5', '6'], ['7', '8', '9', '10', '11', '12'], ['13', '14', '15', '16', '17', '18'], ['19', '20', '21', '22', '23', '24'], ['25', '26', '27', '28', '29']]
[key_placer.py:662]: Layout offset: (28575000, 21336000)
[board_modifier.py:85]: Setting KEY1 footprint position: (38100000, 38100000)
[board_modifier.py:85]: Setting KEY2 footprint position: (57150000, 38100000)
[board_modifier.py:85]: Setting KEY3 footprint position: (76200000, 38100000)
[board_modifier.py:85]: Setting KEY4 footprint position: (95250000, 38100000)
[board_modifier.py:85]: Setting KEY5 footprint position: (114300000, 38100000)
[board_modifier.py:85]: Setting KEY6 footprint position: (133350000, 38100000)
[board_modifier.py:85]: Setting KEY7 footprint position: (38100000, 57150000)
[board_modifier.py:85]: Setting KEY8 footprint position: (57150000, 57150000)
[board_modifier.py:85]: Setting KEY9 footprint position: (76200000, 57150000)
[board_modifier.py:85]: Setting KEY10 footprint position: (95250000, 57150000)
[board_modifier.py:85]: Setting KEY11 footprint position: (114300000, 57150000)
[board_modifier.py:85]: Setting KEY12 footprint position: (133350000, 57150000)
[board_modifier.py:85]: Setting KEY13 footprint position: (38100000, 76200000)
[board_modifier.py:85]: Setting KEY14 footprint position: (57150000, 76200000)
[board_modifier.py:85]: Setting KEY15 footprint position: (76200000, 76200000)
[board_modifier.py:85]: Setting KEY16 footprint position: (95250000, 76200000)
[board_modifier.py:85]: Setting KEY17 footprint position: (114300000, 76200000)
[board_modifier.py:85]: Setting KEY18 footprint position: (133350000, 76200000)
[board_modifier.py:85]: Setting KEY19 footprint position: (38100000, 95250000)
[board_modifier.py:85]: Setting KEY20 footprint position: (57150000, 95250000)
[board_modifier.py:85]: Setting KEY21 footprint position: (76200000, 95250000)
[board_modifier.py:85]: Setting KEY22 footprint position: (95250000, 95250000)
[board_modifier.py:85]: Setting KEY23 footprint position: (114300000, 95250000)
[board_modifier.py:85]: Setting KEY24 footprint position: (133350000, 95250000)
[board_modifier.py:85]: Setting KEY25 footprint position: (38100000, 114300000)
[board_modifier.py:85]: Setting KEY26 footprint position: (57150000, 114300000)
[board_modifier.py:85]: Setting KEY27 footprint position: (76200000, 114300000)
[board_modifier.py:85]: Setting KEY28 footprint position: (95250000, 114300000)
[board_modifier.py:85]: Setting KEY29 footprint position: (114300000, 114300000)
[key_placer.py:999]: Diode info: [ElementInfo(annotation_format='D{}', position_option=<PositionOption.RELATIVE: 'Relative'>, position=ElementPosition(x=-9.398, y=-6.604, orientation=-90.0, side=<Side.BACK: 'Back'>), template_path='')]
[board_modifier.py:98]: Getting KEY1 footprint position: (38100000, 38100000)
[board_modifier.py:85]: Setting D1 footprint position: (28702000, 31496000)
[board_modifier.py:98]: Getting KEY2 footprint position: (57150000, 38100000)
[board_modifier.py:85]: Setting D2 footprint position: (47752000, 31496000)
[board_modifier.py:98]: Getting KEY3 footprint position: (76200000, 38100000)
[board_modifier.py:85]: Setting D3 footprint position: (66802000, 31496000)
[board_modifier.py:98]: Getting KEY4 footprint position: (95250000, 38100000)
[board_modifier.py:85]: Setting D4 footprint position: (85852000, 31496000)
[board_modifier.py:98]: Getting KEY5 footprint position: (114300000, 38100000)
[board_modifier.py:85]: Setting D5 footprint position: (104902000, 31496000)
[board_modifier.py:98]: Getting KEY6 footprint position: (133350000, 38100000)
[board_modifier.py:85]: Setting D6 footprint position: (123952000, 31496000)
[board_modifier.py:98]: Getting KEY7 footprint position: (38100000, 57150000)
[board_modifier.py:85]: Setting D7 footprint position: (28702000, 50546000)
[board_modifier.py:98]: Getting KEY8 footprint position: (57150000, 57150000)
[board_modifier.py:85]: Setting D8 footprint position: (47752000, 50546000)
[board_modifier.py:98]: Getting KEY9 footprint position: (76200000, 57150000)
[board_modifier.py:85]: Setting D9 footprint position: (66802000, 50546000)
[board_modifier.py:98]: Getting KEY10 footprint position: (95250000, 57150000)
[board_modifier.py:85]: Setting D10 footprint position: (85852000, 50546000)
[board_modifier.py:98]: Getting KEY11 footprint position: (114300000, 57150000)
[board_modifier.py:85]: Setting D11 footprint position: (104902000, 50546000)
[board_modifier.py:98]: Getting KEY12 footprint position: (133350000, 57150000)
[board_modifier.py:85]: Setting D12 footprint position: (123952000, 50546000)
[board_modifier.py:98]: Getting KEY13 footprint position: (38100000, 76200000)
[board_modifier.py:85]: Setting D13 footprint position: (28702000, 69596000)
[board_modifier.py:98]: Getting KEY14 footprint position: (57150000, 76200000)
[board_modifier.py:85]: Setting D14 footprint position: (47752000, 69596000)
[board_modifier.py:98]: Getting KEY15 footprint position: (76200000, 76200000)
[board_modifier.py:85]: Setting D15 footprint position: (66802000, 69596000)
[board_modifier.py:98]: Getting KEY16 footprint position: (95250000, 76200000)
[board_modifier.py:85]: Setting D16 footprint position: (85852000, 69596000)
[board_modifier.py:98]: Getting KEY17 footprint position: (114300000, 76200000)
[board_modifier.py:85]: Setting D17 footprint position: (104902000, 69596000)
[board_modifier.py:98]: Getting KEY18 footprint position: (133350000, 76200000)
[board_modifier.py:85]: Setting D18 footprint position: (123952000, 69596000)
[board_modifier.py:98]: Getting KEY19 footprint position: (38100000, 95250000)
[board_modifier.py:85]: Setting D19 footprint position: (28702000, 88646000)
[board_modifier.py:98]: Getting KEY20 footprint position: (57150000, 95250000)
[board_modifier.py:85]: Setting D20 footprint position: (47752000, 88646000)
[board_modifier.py:98]: Getting KEY21 footprint position: (76200000, 95250000)
[board_modifier.py:85]: Setting D21 footprint position: (66802000, 88646000)
[board_modifier.py:98]: Getting KEY22 footprint position: (95250000, 95250000)
[board_modifier.py:85]: Setting D22 footprint position: (85852000, 88646000)
[board_modifier.py:98]: Getting KEY23 footprint position: (114300000, 95250000)
[board_modifier.py:85]: Setting D23 footprint position: (104902000, 88646000)
[board_modifier.py:98]: Getting KEY24 footprint position: (133350000, 95250000)
[board_modifier.py:85]: Setting D24 footprint position: (123952000, 88646000)
[board_modifier.py:98]: Getting KEY25 footprint position: (38100000, 114300000)
[board_modifier.py:85]: Setting D25 footprint position: (28702000, 107696000)
[board_modifier.py:98]: Getting KEY26 footprint position: (57150000, 114300000)
[board_modifier.py:85]: Setting D26 footprint position: (47752000, 107696000)
[board_modifier.py:98]: Getting KEY27 footprint position: (76200000, 114300000)
[board_modifier.py:85]: Setting D27 footprint position: (66802000, 107696000)
[board_modifier.py:98]: Getting KEY28 footprint position: (95250000, 114300000)
[board_modifier.py:85]: Setting D28 footprint position: (85852000, 107696000)
[board_modifier.py:98]: Getting KEY29 footprint position: (114300000, 114300000)
[board_modifier.py:85]: Setting D29 footprint position: (104902000, 107696000)
